<?xml version='1.0' encoding='UTF-8'?>
<testsuite hostname="INL-6MLKWG3" name="com.knoldus.learning.dao.InsertDBFunctionsSpec" tests="8" errors="0" failures="0" skipped="0" time="0.223" timestamp="2023-06-13T23:23:47">
          <properties>
[...]
</properties>
          <testcase classname="com.knoldus.learning.dao.InsertDBFunctionsSpec" name=" should setClassTeacher" time="0.052">
                      
                    </testcase><testcase classname="com.knoldus.learning.dao.InsertDBFunctionsSpec" name=" should forceInsertStudentWithId" time="0.019">
                      
                    </testcase><testcase classname="com.knoldus.learning.dao.InsertDBFunctionsSpec" name=" should insertAndReturnId" time="0.029">
                      
                    </testcase><testcase classname="com.knoldus.learning.dao.InsertDBFunctionsSpec" name=" should insertAndReturn" time="0.015">
                      
                    </testcase><testcase classname="com.knoldus.learning.dao.InsertDBFunctionsSpec" name=" should insertAndSelectNewTeacher" time="0.053">
                      
                    </testcase><testcase classname="com.knoldus.learning.dao.InsertDBFunctionsSpec" name=" should insertStudents" time="0.01">
                      
                    </testcase><testcase classname="com.knoldus.learning.dao.InsertDBFunctionsSpec" name=" should addNewStudent" time="0.009">
                      
                    </testcase><testcase classname="com.knoldus.learning.dao.InsertDBFunctionsSpec" name=" should insertStudentsAndReturn" time="0.036">
                      
                    </testcase>
          <system-out><![CDATA[]]></system-out>
          <system-err><![CDATA[]]></system-err>
        </testsuite>