[0m[[0m[0mdebug[0m] [0m[0m> Exec(test, Some(f2c43e39-57a8-4760-84b2-f2776465c6d7), Some(CommandSource(console0)))[0m
[0m[[0m[0mdebug[0m] [0m[0mEvaluating tasks: Test / test[0m
[0m[[0m[0mdebug[0m] [0m[0mRunning task... Cancel: Signal, check cycles: false, forcegc: true[0m
[0m[[0m[0minfo[0m] [0m[0mcompiling 1 Scala source to /home/knoldus/Documents/Practice/knolx/KnolxApp/target/scala-2.13/test-classes ...[0m
[0m[[0m[0minfo[0m] [0m[0m[32mDeleteDBFunctionsSpec:[0m[0m
[0m[[0m[0minfo[0m] [0m[0m[32mDeleteDBFunctionsSpec[0m[0m
[0m[[0m[0minfo[0m] [0m[0m[31m- should deleteByName *** FAILED ***[0m[0m
[0m[[0m[0minfo[0m] [0m[0m[31m  2 was not equal to 1 (DeleteDBFunctionsSpec.scala:37)[0m[0m
[0m[[0m[0minfo[0m] [0m[0m[32mInsertDBFunctionsSpec:[0m[0m
[0m[[0m[0minfo[0m] [0m[0m[32mInsertDBFunctionsSpec[0m[0m
[0m[[0m[0minfo[0m] [0m[0m[32m- should setClassTeacher[0m[0m
[0m[[0m[0minfo[0m] [0m[0m[32m- should forceInsertStudentWithId[0m[0m
[0m[[0m[0minfo[0m] [0m[0m[32m- should insertAndReturnId[0m[0m
[0m[[0m[0minfo[0m] [0m[0m[32m- should insertAndReturn[0m[0m
[0m[[0m[0minfo[0m] [0m[0m[32m- should insertAndSelectNewTeacher[0m[0m
[0m[[0m[0minfo[0m] [0m[0m[32m- should insertStudents[0m[0m
[0m[[0m[0minfo[0m] [0m[0m[32m- should addNewStudent[0m[0m
[0m[[0m[0minfo[0m] [0m[0m[32m- should insertStudentsAndReturn[0m[0m
[0m[[0m[0minfo[0m] [0m[0m[36mRun completed in 1 second, 620 milliseconds.[0m[0m
[0m[[0m[0minfo[0m] [0m[0m[36mTotal number of tests run: 9[0m[0m
[0m[[0m[0minfo[0m] [0m[0m[36mSuites: completed 2, aborted 0[0m[0m
[0m[[0m[0minfo[0m] [0m[0m[36mTests: succeeded 8, failed 1, canceled 0, ignored 0, pending 0[0m[0m
[0m[[0m[0minfo[0m] [0m[0m[31m*** 1 TEST FAILED ***[0m[0m
[0m[[0m[31merror[0m] [0m[0mFailed tests:[0m
[0m[[0m[31merror[0m] [0m[0m	com.knoldus.learning.dao.DeleteDBFunctionsSpec[0m
[0m[[0m[0mdebug[0m] [0m[0mForcing garbage collection...[0m
[0m[[0m[31merror[0m] [0m[0m(Test / [31mtest[0m) sbt.TestsFailedException: Tests unsuccessful[0m
[0m[[0m[31merror[0m] [0m[0mTotal time: 3 s, completed 13-Jun-2023, 11:23:09 PM[0m
[0m[[0m[0mdebug[0m] [0m[0m> Exec(shell, None, None)[0m
